Symbolic pkg v2.8.0: Python communication link active, SymPy v1.5.1.
res = (sym 7×1 matrix)

  ⎡                                                                            
  ⎢                                                                            
  ⎢                                                                            
  ⎢                                                                            
  ⎢                                                                            
  ⎢                                                                            
  ⎢                                                                            
  ⎢                                                                            
  ⎢                                                                            
  ⎢                                                                            
  ⎢                                                                            
  ⎢                                                                            
  ⎢                                                                            
  ⎢                                                                            
  ⎢                                                                            
  ⎢                                                                            
  ⎢                                                                            
  ⎢                                                                            
  ⎢                                                                            
  ⎢                                                                            
  ⎢                                                                            
  ⎢                                                                            
  ⎢                                                                            
  ⎢                                                                            
  ⎢                                                                            
  ⎢                                                                            
  ⎢                                                                            
  ⎢                                                                            
  ⎢                                                                            
  ⎢                                                                            
  ⎢                                                                            
  ⎢                                                                            
  ⎢                                                                            
  ⎢                                                                            
  ⎢                                                                            
  ⎢                                                                            
  ⎢                                                                            
  ⎢                                                                            
  ⎢                                                                            
  ⎢                                                                            
  ⎢                                                                            
  ⎢                                  ⎛                                         
  ⎢                                  ⎜                                         
  ⎢                                  ⎜                                      ⎛  
  ⎢                                  ⎜                                      ⎜  
  ⎢                                  ⎜                                      ⎜  
  ⎢3.0358381502890173410404624277457⋅⎜- 2.3131355932203389830508474576271⋅π⋅⎜- 
  ⎢                                  ⎝                                      ⎝  
  ⎢────────────────────────────────────────────────────────────────────────────
  ⎢                                                                            
  ⎢                                                                            
  ⎢                                                                            
  ⎢                                                                            
  ⎢                                                                            
  ⎢                                                                            
  ⎢                                                                            
  ⎢                                                                            
  ⎢                                                                            
  ⎢                                                                            
  ⎢                                                                            
  ⎢                                                                            
  ⎢                                                                            
  ⎢                                                                            
  ⎢                                                                            
  ⎢                                                                            
  ⎢                                                                            
  ⎢                                                                            
  ⎢                                                                            
  ⎢                                                                            
  ⎢                                                                            
  ⎢                                                                            
  ⎢                                                                            
  ⎢                                                                            
  ⎣                                                                            
  
                                                                               
                                                                               
                                                                               
                                                                               
                                                                               
                                                                               
                                                                               
                                                                               
                                                                               
                                                                               
                                                                               
                                                                               
                                                                               
                                                                               
                                                                               
                                                                               
                                                                               
                                                                               
                                                                               
                                                                               
                                                                               
                                                                               
                                                                               
                                                                               
                                                                               
                                                                               
                                                                               
                                                                               
                                                                               
                                                                               
                                                                               
                                                                               
                                                                               
                                                                               
                                                                               
                                                                               
                                                                               
                                                                               
                                                                               
                                                                               
                                                                               
                                                                               
                                                                               
                               ⎛865    5459⋅π⎞                                 
                    24066645⋅π⋅⎜──── + ──────⎟                    2   738704068
  9651209893481⋅π              ⎝2626    2360 ⎠   114968222185391⋅π             
  ─────────────── - ────────────────────────── + ────────────────── + ─────────
   7082528211360            171460652             164314654503552              
  ─────────────────────────────────────────────────────────────────────────────
                                                                               
                                                                               
                                                                               
                                                                               
                                                                               
                                                                               
                                                                               
                                                                               
                                                                               
                                                                               
                                                                               
                                                                               
                                                                               
                                                                               
                                                                               
                                                                               
                                                                               
                                                                               
                                                                               
                                                                               
                                                                               
                                                                               
                                                                               
                                                                               
                                                                               
  
                                                                               
                                                                               
                                                                               
                                                                               
                                                                               
                                                                               
                                                                               
                                                                               
                                                                               
                                                                               
                                                                               
                                                                               
                                                                               
                                                                               
                                                                               
                                                      ⎛        ⎛               
                                                      ⎜        ⎜  158140608233⋅
                                                      ⎜        ⎜               
                                                      ⎜86989⋅π⋅⎜- ─────────────
                                                      ⎜        ⎝            558
                     2.062962962962962962962962962963⋅⎜────────────────────────
                                                      ⎝                        
                     ──────────────────────────────────────────────────────────
                                                                               
                                                                               
                                                                               
                                                                               
                                                                               
                                                                               
                                                                               
                                                                               
                                                                               
                                                                               
                                                                               
                                                                               
                                                                               
                                                                               
                                                                               
                                                                               
                                                                               
                                                                               
                                  ⎛                                   ⎛865    5
                                  ⎜                   3   144843935⋅π⋅⎜──── + ─
     2 ⎛865    5459⋅π⎞⎞           ⎜  863289580343947⋅π                ⎝2626    
  5⋅π ⋅⎜──── + ──────⎟⎟   86989⋅π⋅⎜- ────────────────── - ─────────────────────
       ⎝2626    2360 ⎠⎟           ⎝   131764384855040                      1182
  ────────────────────⎟ - ─────────────────────────────────────────────────────
  19889435632         ⎠                                                        
  ─────────────────────────────────────────────────────────────────────────────
                                                                               
                                                                               
                                                                               
                                                                               
                                                                               
                                                                               
                                                                               
                                                                               
                                                                               
                                                                               
                                                                               
                                                                               
                                                                               
                                                                               
                                                                               
                                                                               
                                                                               
                                                                               
                                                                               
                                                                               
                                                                               
                                                                               
                                                                               
                                                                               
                                                                               
  
                                                                               
                                                                               
                                                                               
                                                                               
                                                                               
                                                                               
                                                                             1.
                                                                               
                                                                             ──
                                                                               
                                                                               
                                                                               
                                                                               
                                                                               
                                                                               
   2 ⎛459497   357⋅π⎞                                                          
  π ⋅⎜────── + ─────⎟                                                          
     ⎝567583    1177⎠                                                          
  ─────────────────── - 1.7103862739761204161184875636322⋅π - 0.324677484364741
  32366464                                                                     
  ─────────────────────────────────────────────────────────────────────────────
                                                                               
  ─────────────────────────────────────────────────────────────────────────────
                                                                               
                                                                               
                                                                               
                                                                               
                                                                               
                                                                               
                                                                        ⎛      
                                                                        ⎜  1058
                                                                        ⎜      
                                  -0.30331350892098555649957519116398⋅π⋅⎜- ────
                                                                        ⎝      
                                  ─────────────────────────────────────────────
                                                                               
                                                                               
                                                                               
                                                                               
                                                                               
                                                                               
  459⋅π⎞ ⎛459497   357⋅π⎞                                                      
  ─────⎟⋅⎜────── + ─────⎟                                                      
  2360 ⎠ ⎝567583    1177⎠                                     ⎛865    5459⋅π⎞ ⎛
  ─────────────────────── - 0.4627637457684960362134364715435⋅⎜──── + ──────⎟⋅⎜
  88912                                                       ⎝2626    2360 ⎠ ⎝
  ─────────────────────────────────────────────────────────────────────────────
                                                                               
  ─────────────────────────────────────────────────────────────────────────────
                                                                               
                                                                               
                                                                               
                                                                               
                                                                               
                                                                               
                                                                               
                                                                               
                                                                               
                                                                               
                                                                               
                                                                               
                                                                               
                                                                               
                                                                               
                                                                               
                                                                               
                                                                               
                                                                               
                                                                               
                                                                               
                                                                               
                                                                               
                                                                               
                                                                               
  
                                                                        5.07638
                                                                               
    ⎛        ⎛                2                                                
    ⎜        ⎜  158140608233⋅π                                                 
    ⎜86989⋅π⋅⎜- ─────────────── - 0.73942326554014364939359418394797 + 1.770667
    ⎜        ⎝    55832366464                                                  
  0⋅⎜──────────────────────────────────────────────────────────────────────────
    ⎝                                                56496                     
  ─────────────────────────────────────────────────────────────────────────────
                                                    ⎛270   5459⋅π⎞             
                                 3   105301540745⋅π⋅⎜─── + ──────⎟             
                  8065171019883⋅π                   ⎝557    2360 ⎠    585189682
                - ──────────────── - ───────────────────────────── - ──────────
                   9387813618304              348124268016           3058091630
                                                                               
                                                                               
                                                                               
                     2                                                         
  04323798886937549⋅π  - 0.35842779478606604189635624715611 + 1.070435291589076
                                                                               
  ─────────────────────────────────────────────────────────────────────────────
                                56496                                          
  ─────────────────────────────────────────────────────────────────────────────
                                                    ⎛270   5459⋅π⎞             
                                 3   105301540745⋅π⋅⎜─── + ──────⎟             
                  8065171019883⋅π                   ⎝557    2360 ⎠    585189682
                - ──────────────── - ───────────────────────────── - ──────────
                   9387813618304              348124268016           3058091630
                                                                               
             ⎛459497   357⋅π⎞                                                  
  80916485⋅π⋅⎜────── + ─────⎟                                                  
             ⎝567583    1177⎠                                                  
  ─────────────────────────── - 5.4339458204973243846950577605698⋅π + 0.7630764
        17033603328                                                            
  ─────────────────────────────────────────────────────────────────────────────
                                                    ⎛270   5459⋅π⎞             
                                 3   105301540745⋅π⋅⎜─── + ──────⎟             
                  8065171019883⋅π                   ⎝557    2360 ⎠    585189682
                - ──────────────── - ───────────────────────────── - ──────────
                   9387813618304              348124268016           3058091630
                                                                               
                                                                               
                                                                               
  270   5459⋅π⎞                                                                
  ─── + ──────⎟ - 1.7103862739761204161184875636322⋅π - 0.140362495530461414552
  557    2360 ⎠                                                                
  ─────────────────────────────────────────────────────────────────────────────
                                                                               
  ─────────────────────────────────────────────────────────────────────────────
                                                    ⎛270   5459⋅π⎞             
                                 3   105301540745⋅π⋅⎜─── + ──────⎟             
                  8065171019883⋅π                   ⎝557    2360 ⎠    585189682
                - ──────────────── - ───────────────────────────── - ──────────
                   9387813618304              348124268016           3058091630
                                                                               
                                                                               
                                                            0.29064803159619386
                                                                               
                ───────────────────────────────────────────────────────────────
                                                    ⎛270   5459⋅π⎞             
                                 3   105301540745⋅π⋅⎜─── + ──────⎟             
                  8065171019883⋅π                   ⎝557    2360 ⎠    585189682
                - ──────────────── - ───────────────────────────── - ──────────
                   9387813618304              348124268016           3058091630
                                                                               
                                                                               
                                                            0.14036249553046141
                                                                               
                ───────────────────────────────────────────────────────────────
                                                    ⎛270   5459⋅π⎞             
                                 3   105301540745⋅π⋅⎜─── + ──────⎟             
                  8065171019883⋅π                   ⎝557    2360 ⎠    585189682
                - ──────────────── - ───────────────────────────── - ──────────
                   9387813618304              348124268016           3058091630
  
  88888888888888888888888889                                                   
                                                                               
                             ⎞                                                 
                             ⎟                                                 
  8193431145705344679185516⋅π⎟                                                 
                             ⎠                                       ⎛  1767944
  ──────────────────────────── + 2.3131355932203389830508474576271⋅π⋅⎜- ───────
                                                                     ⎝  3001071
  ─────────────────────────────────────────────────────────────────────────────
                       ⎛459497   357⋅π⎞                                        
        105301540745⋅π⋅⎜────── + ─────⎟                                        
  129                  ⎝567583    1177⎠   9670177523117131483⋅π   1065004018012
  ─── + ─────────────────────────────── + ───────────────────── + ─────────────
  244             348124268016             8494522283161363680      23915455192
                                                                               
                                                          ⎛270   5459⋅π⎞       
                                        124199763476255⋅π⋅⎜─── + ──────⎟       
                     ⎛459497   357⋅π⎞                     ⎝557    2360 ⎠   8065
  2125801481771847⋅π⋅⎜────── + ─────⎟ + ──────────────────────────────── + ────
                     ⎝567583    1177⎠           177369314554152             938
  ─────────────────────────────────────────────────────────────────────────────
                                                                               
  ─────────────────────────────────────────────────────────────────────────────
                       ⎛459497   357⋅π⎞                                        
        105301540745⋅π⋅⎜────── + ─────⎟                                        
  129                  ⎝567583    1177⎠   9670177523117131483⋅π   1065004018012
  ─── + ─────────────────────────────── + ───────────────────── + ─────────────
  244             348124268016             8494522283161363680      23915455192
                                                                               
                                                                               
                                             2                                 
                              1799975580245⋅π                                  
  0040542927037836183411799 + ──────────────── + 2.3131355932203389830508474576
                                954692910336                                   
  ─────────────────────────────────────────────────────────────────────────────
                       ⎛459497   357⋅π⎞                                        
        105301540745⋅π⋅⎜────── + ─────⎟                                        
  129                  ⎝567583    1177⎠   9670177523117131483⋅π   1065004018012
  ─── + ─────────────────────────────── + ───────────────────── + ─────────────
  244             348124268016             8494522283161363680      23915455192
                                                                               
                                                                               
                                                                               
                ⎛865    5459⋅π⎞                                     ⎛865    545
  41870887088⋅π⋅⎜──── + ──────⎟ + 0.4627637457684960362134364715435⋅⎜──── + ───
                ⎝2626    2360 ⎠                                     ⎝2626    23
  ─────────────────────────────────────────────────────────────────────────────
   56496                                                                       
  ─────────────────────────────────────────────────────────────────────────────
                       ⎛459497   357⋅π⎞                                        
        105301540745⋅π⋅⎜────── + ─────⎟                                        
  129                  ⎝567583    1177⎠   9670177523117131483⋅π   1065004018012
  ─── + ─────────────────────────────── + ───────────────────── + ─────────────
  244             348124268016             8494522283161363680      23915455192
                                                                               
                    ⎛  241961   955325⋅π⎞                                      
  026830225747654⋅π⋅⎜- ────── + ────────⎟                                      
                    ⎝  146736    67968  ⎠                                      
  ─────────────────────────────────────────────────────────────────────────────
                       ⎛459497   357⋅π⎞                                        
        105301540745⋅π⋅⎜────── + ─────⎟                                        
  129                  ⎝567583    1177⎠   9670177523117131483⋅π   1065004018012
  ─── + ─────────────────────────────── + ───────────────────── + ─────────────
  244             348124268016             8494522283161363680      23915455192
                                                                               
                    ⎛  241961   955325⋅π⎞                                      
  455241870887088⋅π⋅⎜- ────── + ────────⎟                                      
                    ⎝  146736    67968  ⎠                                      
  ─────────────────────────────────────────────────────────────────────────────
                       ⎛459497   357⋅π⎞                                        
        105301540745⋅π⋅⎜────── + ─────⎟                                        
  129                  ⎝567583    1177⎠   9670177523117131483⋅π   1065004018012
  ─── + ─────────────────────────────── + ───────────────────── + ─────────────
  244             348124268016             8494522283161363680      23915455192
  
                                                                               
                                                                               
                       ⎞                                                       
                       ⎟                                                       
                       ⎟                                                       
  659   105301540745⋅π⎞⎟                                                       
  ─── + ──────────────⎟⎟                                                       
  276    348124268016 ⎠⎠                                                       
  ──────────────────────                                                       
                                                                               
       2                                                                       
  791⋅π                                                                        
  ──────                                                                       
  62944                                                                        
                                                                               
              ⎞                                                                
             3⎟                                                                
  171019883⋅π ⎟                                       ⎛                        
  ────────────⎟                                       ⎜                        
  7813618304  ⎠                                       ⎜  9651209893481⋅π   2627
  ───────────── + 2.3131355932203389830508474576271⋅π⋅⎜- ─────────────── - ────
                                                      ⎝   7082528211360     809
  ─────────────────────────────────────────────────────────────────────────────
                                                                               
       2                                                                       
  791⋅π                                                                        
  ──────                                                                       
  62944                                                                        
                                                                               
                                                   ⎛270   5459⋅π⎞⎞             
                                    105880916485⋅π⋅⎜─── + ──────⎟⎟             
        ⎛   471895   144843935⋅π⎞                  ⎝557    2360 ⎠⎟             
  271⋅π⋅⎜- ─────── + ───────────⎟ + ─────────────────────────────⎟             
        ⎝  1019732    118288912 ⎠            17033603328         ⎠             
  ─────────────────────────────────────────────────────────────────            
                                                                               
       2                                                                       
  791⋅π                                                                        
  ──────                                                                       
  62944                                                                        
                                                                               
                                      2 ⎛865    5459⋅π⎞                        
                          7387040685⋅π ⋅⎜──── + ──────⎟                        
  9⋅π⎞ ⎛459497   357⋅π⎞                 ⎝2626    2360 ⎠                        
  ───⎟⋅⎜────── + ─────⎟ + ───────────────────────────── + 4.0957947566923993392
  60 ⎠ ⎝567583    1177⎠            19889435632                                 
  ─────────────────────────────────────────────────────────────────────────────
                                                                               
  ─────────────────────────────────────────────────────────────────────────────
                                                                               
       2                                                                       
  791⋅π                                                                        
  ──────                                                                       
  62944                                                                        
                                                                               
                                                                               
                                                                               
                                                                               
  ──────                                                                       
                                                                               
       2                                                                       
  791⋅π                                                                        
  ──────                                                                       
  62944                                                                        
                                                                               
                                                                               
                                                                               
                                                                               
  ──────                                                                       
                                                                               
       2                                                                       
  791⋅π                                                                        
  ──────                                                                       
  62944                                                                        
  
                                                                               
                                                                               
                                                                               
                                                                               
                                                                               
                                                                               
                                                                               
                                                                               
                                                                               
                                                                               
                                                                               
                                                                               
                                                                               
                                                                               
                                                                               
                                                                              ⎞
                                                                              ⎟
                                            ⎛270   5459⋅π⎞                   ⎞⎟
           2                 105301540745⋅π⋅⎜─── + ──────⎟                  3⎟⎟
  5963011⋅π     8839723295                  ⎝557    2360 ⎠   8065171019883⋅π ⎟⎟
  ────────── - ─────────── + ───────────────────────────── + ────────────────⎟⎟
  29427744     30955494458            348124268016            9387813618304  ⎠⎠
  ─────────────────────────────────────────────────────────────────────────────
                                                                               
                                                                               
                                                                               
                                                                               
                                                                               
                                                                               
                                                                               
                                                                               
                                                                               
                                                                               
                                                                               
                                                                               
                                                                               
                                                                               
                                                                               
                                                                               
                                                                               
                                                                               
                                ⎛865    5459⋅π⎞ ⎛270   5459⋅π⎞⎞                
                    144843935⋅π⋅⎜──── + ──────⎟⋅⎜─── + ──────⎟⎟                
                2               ⎝2626    2360 ⎠ ⎝557    2360 ⎠⎟                
  151103251581⋅π  + ──────────────────────────────────────────⎟                
                                    118288912                 ⎠                
  ───────────────────────────────────────────────────────────── + 0.32000373726
                                                                               
  ─────────────────────────────────────────────────────────────────────────────
                                                                               
                                                                               
                                                                               
                                                                               
                                                                               
                                                                               
                                                                               
                                                                               
                                                                               
                                                                               
                                                                               
                                                                               
                                                                               
                                                                               
                                                                               
                                                                               
                                                                               
                                                                               
                                                                               
                                                                               
                                                                               
                                                                               
                                                                               
                                                                               
                                                                               
  
                                                                               
                                                                               
                                                                               
                                                                               
                                                                               
                                                                               
                                                                               
                                                                               
                                                                               
                                                                               
                                                                               
                                                                               
                                                                               
                                                                               
                                                                               
                                                                               
                                                                               
                                                                               
                                                                               
                                                                               
                                                                               
                                                                               
                                                                               
                                                                               
                                                                               
                                                                               
                                                                               
                                                                               
                                                                               
                                                                               
                                                                               
                                                                               
                                                                               
                                                                               
                                                                               
                                                                               
                                                                               
                                                                               
                                                                               
                                                                               
                                                                               
                                                                               
                                                                               
                          ⎛                                    ⎛270   5459⋅π⎞  
                          ⎜                 3   105301540745⋅π⋅⎜─── + ──────⎟  
                          ⎜  8065171019883⋅π                   ⎝557    2360 ⎠  
  992432028403251424834⋅π⋅⎜- ──────────────── - ───────────────────────────── -
                          ⎝   9387813618304              348124268016          
  ─────────────────────────────────────────────────────────────────────────────
                                                                               
                                                                               
                                                                               
                                                                               
                                                                               
                                                                               
                                                                               
                                                                               
                                                                               
                                                                               
                                                                               
                                                                               
                                                                               
                                                                               
                                                                               
                                                                               
                                                                               
                                                                               
                                                                               
                                                                               
                                                                               
                                                                               
                                                                               
                                                                               
                                                                               
  
                                                                               
                                                                               
                                                                               
                                                                               
                                                                               
                                                                               
                                                                               
                                                                               
                                                                               
                                                                               
                                                                               
                                                                               
                                                                               
                                                                               
                                                                               
                                                                               
                                                                               
                                                                               
                                                                               
                                                                               
                                                                               
                                                                               
                                                                               
                                                                               
                                                                               
                                                                               
                                                                               
                                                                               
                                                                               
                                                                               
                                                                               
                                                                               
                                                                               
                                                                               
                                                                               
                                                                               
                                                                               
                                                                               
                                                                               
                                                                               
                                                                               
                                                                               
                                                                               
                                  ⎛459497   357⋅π⎞                             
                   105301540745⋅π⋅⎜────── + ─────⎟                             
    585189682129                  ⎝567583    1177⎠   9670177523117131483⋅π   10
   ───────────── + ─────────────────────────────── + ───────────────────── + ──
   3058091630244             348124268016             8494522283161363680      
  ─────────────────────────────────────────────────────────────────────────────
                                                                               
                                                                               
                                                                               
                                                                               
                                                                               
                                                                               
                                                                               
                                                                               
                                                                               
                                                                               
                                                                               
                                                                               
                                                                               
                                                                               
                                                                               
                                                                               
                                                                               
                                                                               
                                                                               
                                                                               
                                                                               
                                                                               
                                                                               
                                                                               
                                                                               
  
                     ⎤
                     ⎥
                     ⎥
                     ⎥
                     ⎥
                     ⎥
                     ⎥
                     ⎥
                     ⎥
                     ⎥
                     ⎥
                     ⎥
                     ⎥
                     ⎥
                     ⎥
                     ⎥
                     ⎥
                     ⎥
                     ⎥
                     ⎥
                     ⎥
                     ⎥
                     ⎥
                     ⎥
                     ⎥
                     ⎥
                     ⎥
                     ⎥
                     ⎥
                     ⎥
                     ⎥
                     ⎥
                     ⎥
                     ⎥
                     ⎥
                     ⎥
                     ⎥
                     ⎥
                     ⎥
                     ⎥
                     ⎥
                    ⎞⎥
                    ⎟⎥
                   ⎞⎟⎥
                  2⎟⎟⎥
  65004018012791⋅π ⎟⎟⎥
  ─────────────────⎟⎟⎥
  2391545519262944 ⎠⎠⎥
  ───────────────────⎥
                     ⎥
                     ⎥
                     ⎥
                     ⎥
                     ⎥
                     ⎥
                     ⎥
                     ⎥
                     ⎥
                     ⎥
                     ⎥
                     ⎥
                     ⎥
                     ⎥
                     ⎥
                     ⎥
                     ⎥
                     ⎥
                     ⎥
                     ⎥
                     ⎥
                     ⎥
                     ⎥
                     ⎥
                     ⎦

res =

    5.07639
    4.45100
  -12.52876
    5.58364
   33.62289
   -1.58107
   -0.76354

